<?xml version="1.0" encoding="UTF-8"?>
<testng-results skipped="0" failed="0" total="1" passed="1">
  <reporter-output>
  </reporter-output>
  <suite name="test.java.NewTest" duration-ms="6115" started-at="2016-01-06T21:39:13Z" finished-at="2016-01-06T21:39:19Z">
    <groups>
    </groups>
    <test name="Command line test" duration-ms="6115" started-at="2016-01-06T21:39:13Z" finished-at="2016-01-06T21:39:19Z">
      <class name="test.java.NewTest">
        <test-method status="PASS" signature="beforeMethod()[pri:0, instance:test.java.NewTest@4e04a765]" name="beforeMethod" is-config="true" duration-ms="3724" started-at="2016-01-06T16:39:13Z" finished-at="2016-01-06T16:39:17Z">
          <reporter-output>
          </reporter-output>
        </test-method> <!-- beforeMethod -->
        <test-method status="PASS" signature="f()[pri:0, instance:test.java.NewTest@4e04a765]" name="f" duration-ms="1507" started-at="2016-01-06T16:39:17Z" finished-at="2016-01-06T16:39:19Z">
          <reporter-output>
          </reporter-output>
        </test-method> <!-- f -->
        <test-method status="PASS" signature="afterMethod()[pri:0, instance:test.java.NewTest@4e04a765]" name="afterMethod" is-config="true" duration-ms="869" started-at="2016-01-06T16:39:19Z" finished-at="2016-01-06T16:39:19Z">
          <reporter-output>
          </reporter-output>
        </test-method> <!-- afterMethod -->
      </class> <!-- test.java.NewTest -->
    </test> <!-- Command line test -->
  </suite> <!-- test.java.NewTest -->
</testng-results>
